<?xml version="1.0" encoding="UTF-8"?>
<!-- Generated by org.testng.reporters.JUnitReportReporter -->
<testsuite skipped="0" hostname="DESKTOP-EQFJ4FN" name="testCases.TC_009_AddToCart" tests="1" failures="0" timestamp="2021-05-05T22:24:48 EDT" time="3.818" errors="0">
  <testcase name="test_addtoCArt" time="3.818" classname="testCases.TC_009_AddToCart"/>
  <system-out/>
</testsuite> <!-- testCases.TC_009_AddToCart -->
