<?xml version="1.0" encoding="UTF-8"?>
<!-- Generated by org.testng.reporters.JUnitReportReporter -->
<testsuite skipped="0" hostname="DESKTOP-EQFJ4FN" name="testCases.TC_002_Login" tests="1" failures="0" timestamp="2021-04-21T00:41:36 EDT" time="2.814" errors="0">
  <testcase name="test_login" time="2.814" classname="testCases.TC_002_Login"/>
  <system-out/>
</testsuite> <!-- testCases.TC_002_Login -->
