<?xml version="1.0" encoding="UTF-8"?>
<!-- Generated by org.testng.reporters.JUnitReportReporter -->
<testsuite skipped="0" hostname="DESKTOP-EQFJ4FN" name="testCases.TC_007_PdtComparison" tests="1" failures="0" timestamp="2021-05-03T11:54:50 EDT" time="4.854" errors="0">
  <testcase name="test_PdtComparison" time="4.854" classname="testCases.TC_007_PdtComparison"/>
  <system-out/>
</testsuite> <!-- testCases.TC_007_PdtComparison -->
