<?xml version="1.0" encoding="UTF-8"?>
<!-- Generated by org.testng.reporters.JUnitReportReporter -->
<testsuite skipped="0" hostname="DESKTOP-EQFJ4FN" name="testCases.TC_010_AddToWishlist" tests="1" failures="0" timestamp="2021-05-06T01:25:31 EDT" time="7.349" errors="0">
  <testcase name="test_wishList" time="7.349" classname="testCases.TC_010_AddToWishlist"/>
  <system-out/>
</testsuite> <!-- testCases.TC_010_AddToWishlist -->
