<?xml version="1.0" encoding="UTF-8"?>
<!-- Generated by org.testng.reporters.JUnitReportReporter -->
<testsuite skipped="0" hostname="DESKTOP-EQFJ4FN" name="testCases.TC_005_ForgotPwd" tests="1" failures="0" timestamp="2021-05-02T12:16:56 EDT" time="4.809" errors="0">
  <testcase name="test_forgotpwd" time="4.809" classname="testCases.TC_005_ForgotPwd"/>
  <system-out/>
</testsuite> <!-- testCases.TC_005_ForgotPwd -->
