<?xml version="1.0" encoding="UTF-8"?>
<!-- Generated by org.testng.reporters.JUnitReportReporter -->
<testsuite skipped="0" hostname="DESKTOP-EQFJ4FN" name="testCases.TC_006_Search" tests="1" failures="0" timestamp="2021-05-02T12:31:38 EDT" time="1.021" errors="0">
  <testcase name="test_Search" time="1.021" classname="testCases.TC_006_Search"/>
  <system-out/>
</testsuite> <!-- testCases.TC_006_Search -->
